# JRE version: Java(TM) SE Runtime Environment (10.0.2+13) (build 10.0.2+13)
# Java VM: Java HotSpot(TM) 64-Bit Server VM (10.0.2+13, mixed mode, tiered, compressed oops, g1 gc, windows-amd64)
Heap:
 garbage-first heap   total 198656K, used 52434K [0x00000000c1200000, 0x0000000100000000)
  region size 1024K, 29 young (29696K), 1 survivors (1024K)
 Metaspace       used 12576K, capacity 12928K, committed 13056K, reserved 1060864K
  class space    used 1331K, capacity 1513K, committed 1536K, reserved 1048576K
GC Heap History (10 events):
Event: 31.382 GC heap before
{Heap before GC invocations=677 (full 0):
 garbage-first heap   total 198656K, used 142546K [0x00000000c1200000, 0x0000000100000000)
  region size 1024K, 116 young (118784K), 1 survivors (1024K)
 Metaspace       used 12575K, capacity 12928K, committed 13056K, reserved 1060864K
  class space    used 1330K, capacity 1513K, committed 1536K, reserved 1048576K
}
Event: 31.383 GC heap after
{Heap after GC invocations=678 (full 0):
 garbage-first heap   total 198656K, used 24786K [0x00000000c1200000, 0x0000000100000000)
  region size 1024K, 1 young (1024K), 1 survivors (1024K)
 Metaspace       used 12575K, capacity 12928K, committed 13056K, reserved 1060864K
  class space    used 1330K, capacity 1513K, committed 1536K, reserved 1048576K
}
Event: 31.462 GC heap before
{Heap before GC invocations=678 (full 0):
 garbage-first heap   total 198656K, used 142546K [0x00000000c1200000, 0x0000000100000000)
  region size 1024K, 116 young (118784K), 1 survivors (1024K)
 Metaspace       used 12575K, capacity 12928K, committed 13056K, reserved 1060864K
  class space    used 1330K, capacity 1513K, committed 1536K, reserved 1048576K
}
Event: 31.462 GC heap after
{Heap after GC invocations=679 (full 0):
 garbage-first heap   total 198656K, used 24786K [0x00000000c1200000, 0x0000000100000000)
  region size 1024K, 1 young (1024K), 1 survivors (1024K)
 Metaspace       used 12575K, capacity 12928K, committed 13056K, reserved 1060864K
  class space    used 1330K, capacity 1513K, committed 1536K, reserved 1048576K
}
Event: 31.541 GC heap before
{Heap before GC invocations=679 (full 0):
 garbage-first heap   total 198656K, used 142546K [0x00000000c1200000, 0x0000000100000000)
  region size 1024K, 116 young (118784K), 1 survivors (1024K)
 Metaspace       used 12576K, capacity 12928K, committed 13056K, reserved 1060864K
  class space    used 1331K, capacity 1513K, committed 1536K, reserved 1048576K
}
Event: 31.541 GC heap after
{Heap after GC invocations=680 (full 0):
 garbage-first heap   total 198656K, used 24786K [0x00000000c1200000, 0x0000000100000000)
  region size 1024K, 1 young (1024K), 1 survivors (1024K)
 Metaspace       used 12576K, capacity 12928K, committed 13056K, reserved 1060864K
  class space    used 1331K, capacity 1513K, committed 1536K, reserved 1048576K
}
Event: 31.618 GC heap before
{Heap before GC invocations=680 (full 0):
 garbage-first heap   total 198656K, used 142546K [0x00000000c1200000, 0x0000000100000000)
  region size 1024K, 116 young (118784K), 1 survivors (1024K)
 Metaspace       used 12576K, capacity 12928K, committed 13056K, reserved 1060864K
  class space    used 1331K, capacity 1513K, committed 1536K, reserved 1048576K
}
Event: 31.619 GC heap after
{Heap after GC invocations=681 (full 0):
 garbage-first heap   total 198656K, used 24786K [0x00000000c1200000, 0x0000000100000000)
  region size 1024K, 1 young (1024K), 1 survivors (1024K)
 Metaspace       used 12576K, capacity 12928K, committed 13056K, reserved 1060864K
  class space    used 1331K, capacity 1513K, committed 1536K, reserved 1048576K
}
Event: 31.697 GC heap before
{Heap before GC invocations=681 (full 0):
 garbage-first heap   total 198656K, used 142546K [0x00000000c1200000, 0x0000000100000000)
  region size 1024K, 116 young (118784K), 1 survivors (1024K)
 Metaspace       used 12576K, capacity 12928K, committed 13056K, reserved 1060864K
  class space    used 1331K, capacity 1513K, committed 1536K, reserved 1048576K
}
Event: 31.698 GC heap after
{Heap after GC invocations=682 (full 0):
 garbage-first heap   total 198656K, used 24786K [0x00000000c1200000, 0x0000000100000000)
  region size 1024K, 1 young (1024K), 1 survivors (1024K)
 Metaspace       used 12576K, capacity 12928K, committed 13056K, reserved 1060864K
  class space    used 1331K, capacity 1513K, committed 1536K, reserved 1048576K
}

